info it worked if it ends with ok
verbose cli [ '/usr/bin/nodejs', '/usr/bin/npm', 'link', 'log4js' ]
info using npm@1.1.4
info using node@v0.6.19
verbose config file /home/lcollins/.npmrc
verbose config file /usr/etc/npmrc
verbose config file /usr/share/npm/npmrc
verbose install(where, what) [ '/usr/local/lib', [ 'log4js' ] ]
verbose caching /usr/local/lib/node_modules/mongoose/package.json
verbose caching /usr/local/lib/node_modules/xtend/package.json
verbose caching /usr/local/lib/node_modules/findit/package.json
verbose caching /usr/local/lib/node_modules/async/package.json
verbose caching /usr/local/lib/node_modules/optimist/package.json
verbose cache add [ 'log4js', null ]
silly cache add: name, spec, args [ undefined, 'log4js', [ 'log4js', null ] ]
verbose parsed url { pathname: 'log4js', path: 'log4js', href: 'log4js' }
verbose addNamed [ 'log4js', '' ]
verbose addNamed [ null, '' ]
silly name, range, hasData [ 'log4js', '', false ]
verbose raw, before any munging log4js
verbose url resolving [ 'https://registry.npmjs.org/', './log4js' ]
verbose url resolved https://registry.npmjs.org/log4js
verbose etag "2U7UJQE0O48QR55W8RZ7T27DE"
http GET https://registry.npmjs.org/log4js
http 304 https://registry.npmjs.org/log4js
silly get cb [ 304,
silly get cb   { server: 'CouchDB/1.3.0 (Erlang OTP/R15B03)',
silly get cb     etag: '"2U7UJQE0O48QR55W8RZ7T27DE"',
silly get cb     date: 'Mon, 05 Aug 2013 05:31:28 GMT',
silly get cb     'content-length': '0' } ]
verbose etag log4js from cache
silly name, range, hasData 2 [ 'log4js', '', true ]
silly versions [ 'log4js',
silly versions   [ '0.1.0',
silly versions     '0.2.0',
silly versions     '0.2.2',
silly versions     '0.2.3',
silly versions     '0.2.4',
silly versions     '0.2.5',
silly versions     '0.2.6',
silly versions     '0.3.0',
silly versions     '0.3.1',
silly versions     '0.3.2',
silly versions     '0.3.3',
silly versions     '0.3.4',
silly versions     '0.3.5',
silly versions     '0.3.6',
silly versions     '0.3.7',
silly versions     '0.3.8',
silly versions     '0.3.9',
silly versions     '0.4.0',
silly versions     '0.4.1',
silly versions     '0.4.2',
silly versions     '0.4.3',
silly versions     '0.5.0',
silly versions     '0.5.1',
silly versions     '0.5.2',
silly versions     '0.5.3',
silly versions     '0.5.4',
silly versions     '0.5.5',
silly versions     '0.5.6',
silly versions     '0.5.7',
silly versions     '0.6.0',
silly versions     '0.5.8' ] ]
verbose bin dist [ '0.6-ares1.9.1-evundefined-openssl1.0.1c-v83.8.9.20-linux-x64-3.8.0-19-generic',
verbose bin dist   { shasum: 'a0b15204de74e01fa8b5e95e6c1f6adf52737fe2',
verbose bin dist     tarball: 'http://registry.npmjs.org/log4js/-/log4js-0.6.0.tgz' } ]
verbose caching /home/lcollins/.npm/log4js/0.6.0/package/package.json
verbose loadDefaults log4js@0.6.0
silly resolved [ { name: 'log4js',
silly resolved     version: '0.6.0',
silly resolved     description: 'Port of Log4js to work with node.',
silly resolved     keywords: [ 'logging', 'log', 'log4j', 'node' ],
silly resolved     main: './lib/log4js',
silly resolved     author: { name: 'Gareth Jones', email: 'gareth.jones@sensis.com.au' },
silly resolved     repository: 
silly resolved      { type: 'git',
silly resolved        url: 'git://github.com/nomiddlename/log4js-node.git' },
silly resolved     bugs: { url: 'http://github.com/nomiddlename/log4js-node/issues' },
silly resolved     engines: [ 'node >=0.10', node: ' >=0.10' ],
silly resolved     scripts: { test: 'vows' },
silly resolved     directories: { test: 'test', lib: 'lib' },
silly resolved     dependencies: { async: '0.1.15', dequeue: '1.0.3' },
silly resolved     devDependencies: 
silly resolved      { vows: '0.7.0',
silly resolved        'sandboxed-module': '0.1.3',
silly resolved        'hook.io': '0.8.10',
silly resolved        underscore: '1.2.1' },
silly resolved     _id: 'log4js@0.6.0',
silly resolved     optionalDependencies: {},
silly resolved     _engineSupported: false,
silly resolved     _npmVersion: '1.1.4',
silly resolved     _nodeVersion: 'v0.6.19',
silly resolved     _defaultsLoaded: true,
silly resolved     _from: 'log4js' } ]
info into /usr/local/lib log4js@0.6.0
info installOne log4js@0.6.0
verbose installOne cb log4js@0.6.0
ERR! Unsupported
ERR! Not compatible with your version of node/npm: log4js@0.6.0
ERR! Required: ["node >=0.10"]
ERR! Actual:   {"npm":"1.1.4","node":"0.6.19"}
ERR! 
ERR! System Linux 3.8.0-19-generic
ERR! command "/usr/bin/nodejs" "/usr/bin/npm" "link" "log4js"
ERR! cwd /home/lcollins/git/graph-O-matic-data
ERR! node -v v0.6.19
ERR! npm -v 1.1.4
ERR! code ENOTSUP
ERR! message Unsupported
ERR! errno {}
verbose exit [ 1, true ]
